[debug] [2023-02-23T13:06:35.340Z] ----------------------------------------------------------------------
[debug] [2023-02-23T13:06:35.342Z] Command:       C:\Program Files\nodejs\node.exe C:\Users\dipes\AppData\Roaming\npm\node_modules\firebase-tools\lib\bin\firebase.js init
[debug] [2023-02-23T13:06:35.342Z] CLI Version:   11.23.1
[debug] [2023-02-23T13:06:35.342Z] Platform:      win32
[debug] [2023-02-23T13:06:35.343Z] Node Version:  v14.18.1
[debug] [2023-02-23T13:06:35.343Z] Time:          Thu Feb 23 2023 18:36:35 GMT+0530 (India Standard Time)
[debug] [2023-02-23T13:06:35.343Z] ----------------------------------------------------------------------
[debug] 
[debug] [2023-02-23T13:06:35.421Z] > command requires scopes: ["email","openid","https://www.googleapis.com/auth/cloudplatformprojects.readonly","https://www.googleapis.com/auth/firebase","https://www.googleapis.com/auth/cloud-platform"]
[debug] [2023-02-23T13:06:35.422Z] > authorizing via signed-in user (dipeshsanil24@gmail.com)
[info] 
     ######## #### ########  ######## ########     ###     ######  ########
     ##        ##  ##     ## ##       ##     ##  ##   ##  ##       ##
     ######    ##  ########  ######   ########  #########  ######  ######
     ##        ##  ##    ##  ##       ##     ## ##     ##       ## ##
     ##       #### ##     ## ######## ########  ##     ##  ######  ########

You're about to initialize a Firebase project in this directory:

  C:\Users\dipes\OneDrive\Documents\CUB

Before we get started, keep in mind:

  * You are initializing within an existing Firebase project directory

